0 info it worked if it ends with ok
1 verbose cli [ 'C:\\Program Files\\nodejs\\node.exe',
1 verbose cli   'C:\\Users\\admin\\AppData\\Roaming\\npm\\node_modules\\npm\\bin\\npm-cli.js',
1 verbose cli   'run',
1 verbose cli   'dev' ]
2 info using npm@3.10.9
3 info using node@v4.4.7
4 verbose run-script [ 'predev', 'dev', 'postdev' ]
5 info lifecycle stock@1.0.0~predev: stock@1.0.0
6 silly lifecycle stock@1.0.0~predev: no script for predev, continuing
7 info lifecycle stock@1.0.0~dev: stock@1.0.0
8 verbose lifecycle stock@1.0.0~dev: unsafe-perm in lifecycle true
9 verbose lifecycle stock@1.0.0~dev: PATH: C:\Users\admin\AppData\Roaming\npm\node_modules\npm\bin\node-gyp-bin;C:\Users\admin\stock\node_modules\.bin;C:\Windows\system32;C:\Windows;C:\Windows\System32\Wbem;C:\Windows\System32\WindowsPowerShell\v1.0\;C:\Program Files\nodejs\;C:\Program Files\TortoiseSVN\bin;C:\Program Files\Microsoft SQL Server\110\Tools\Binn\;C:\Program Files\Microsoft SQL Server\120\Tools\Binn\;%USERPROFILE%\.dnx\bin;C:\Program Files\Microsoft DNX\Dnvm\;C:\Program Files\Microsoft SQL Server\130\Tools\Binn\;E:\前段开发工具\Git\Git\cmd;C:\Users\admin\AppData\Roaming\npm;D:\Program Files (x86)\Microsoft VS Code\bin
10 verbose lifecycle stock@1.0.0~dev: CWD: C:\Users\admin\stock
11 silly lifecycle stock@1.0.0~dev: Args: [ '/d /s /c', 'node build/dev-server.js' ]
12 silly lifecycle stock@1.0.0~dev: Returned: code: 3221225786  signal: null
13 info lifecycle stock@1.0.0~dev: Failed to exec dev script
14 verbose stack Error: stock@1.0.0 dev: `node build/dev-server.js`
14 verbose stack Exit status 3221225786
14 verbose stack     at EventEmitter.<anonymous> (C:\Users\admin\AppData\Roaming\npm\node_modules\npm\lib\utils\lifecycle.js:255:16)
14 verbose stack     at emitTwo (events.js:87:13)
14 verbose stack     at EventEmitter.emit (events.js:172:7)
14 verbose stack     at ChildProcess.<anonymous> (C:\Users\admin\AppData\Roaming\npm\node_modules\npm\lib\utils\spawn.js:40:14)
14 verbose stack     at emitTwo (events.js:87:13)
14 verbose stack     at ChildProcess.emit (events.js:172:7)
14 verbose stack     at maybeClose (internal/child_process.js:827:16)
14 verbose stack     at Process.ChildProcess._handle.onexit (internal/child_process.js:211:5)
15 verbose pkgid stock@1.0.0
16 verbose cwd C:\Users\admin\stock
17 error Windows_NT 6.1.7601
18 error argv "C:\\Program Files\\nodejs\\node.exe" "C:\\Users\\admin\\AppData\\Roaming\\npm\\node_modules\\npm\\bin\\npm-cli.js" "run" "dev"
19 error node v4.4.7
20 error npm  v3.10.9
21 error code ELIFECYCLE
22 error stock@1.0.0 dev: `node build/dev-server.js`
22 error Exit status 3221225786
23 error Failed at the stock@1.0.0 dev script 'node build/dev-server.js'.
23 error Make sure you have the latest version of node.js and npm installed.
23 error If you do, this is most likely a problem with the stock package,
23 error not with npm itself.
23 error Tell the author that this fails on your system:
23 error     node build/dev-server.js
23 error You can get information on how to open an issue for this project with:
23 error     npm bugs stock
23 error Or if that isn't available, you can get their info via:
23 error     npm owner ls stock
23 error There is likely additional logging output above.
24 verbose exit [ 1, true ]
